TN:
SF:/home/rahul/Desktop/research/test_driven_dev/math.js
FN:1,addition
FN:5,sub
FN:9,divide
FN:13,multiply
FN:17,maximum
FN:26,minimum
FN:35,len
FN:43,addArray
FN:55,subArray
FN:67,maxNum
FN:76,minNum
FN:86,display
FNF:12
FNH:12
FNDA:1,addition
FNDA:1,sub
FNDA:1,divide
FNDA:1,multiply
FNDA:1,maximum
FNDA:1,minimum
FNDA:25,len
FNDA:1,addArray
FNDA:1,subArray
FNDA:1,maxNum
FNDA:1,minNum
FNDA:1,display
DA:2,1
DA:6,1
DA:10,1
DA:14,1
DA:18,1
DA:19,0
DA:22,1
DA:27,1
DA:28,1
DA:31,0
DA:36,25
DA:37,25
DA:38,99
DA:40,25
DA:44,1
DA:45,0
DA:46,0
DA:48,1
DA:49,1
DA:50,3
DA:52,1
DA:56,1
DA:57,0
DA:58,0
DA:60,1
DA:61,1
DA:62,3
DA:64,1
DA:68,1
DA:69,1
DA:70,5
DA:71,2
DA:74,1
DA:77,1
DA:78,1
DA:79,5
DA:80,1
DA:83,1
DA:87,1
DA:88,4
DA:90,1
DA:94,1
LF:42
LH:36
BRDA:18,0,0,0
BRDA:18,0,1,1
BRDA:27,1,0,1
BRDA:27,1,1,0
BRDA:44,2,0,0
BRDA:44,2,1,1
BRDA:56,3,0,0
BRDA:56,3,1,1
BRDA:70,4,0,2
BRDA:70,4,1,3
BRDA:79,5,0,1
BRDA:79,5,1,4
BRF:12
BRH:8
end_of_record
TN:
SF:/home/rahul/Desktop/research/test_driven_dev/move_neg_end.js
FN:1,move_neg_to_end
FNF:1
FNH:1
FNDA:1,move_neg_to_end
DA:2,1
DA:3,1
DA:4,1
DA:5,7
DA:6,4
DA:7,4
DA:10,1
DA:11,7
DA:12,3
DA:13,3
DA:16,1
DA:19,1
LF:12
LH:12
BRDA:5,0,0,4
BRDA:5,0,1,3
BRDA:11,1,0,3
BRDA:11,1,1,4
BRF:4
BRH:4
end_of_record
